<?xml version="1.0" encoding="UTF-8"?>
<!-- Generated by org.testng.reporters.JUnitXMLReporter -->
<testsuite ignored="4" hostname="MSI" failures="0" tests="0" time="0.001" errors="0" timestamp="2023-10-04T12:08:11 PDT">
  <testcase classname="GroupingTestNg.Test3" name="test10" time="0.0">
    <ignored/>
  </testcase> <!-- test10 -->
  <testcase classname="GroupingTestNg.Test3" name="test12" time="0.0">
    <ignored/>
  </testcase> <!-- test12 -->
  <testcase classname="GroupingTestNg.Test3" name="test9" time="0.0">
    <ignored/>
  </testcase> <!-- test9 -->
  <testcase classname="GroupingTestNg.Test3" name="test11" time="0.0">
    <ignored/>
  </testcase> <!-- test11 -->
</testsuite>
