<?xml version="1.0" encoding="UTF-8"?>
<!-- Generated by org.testng.reporters.JUnitXMLReporter -->
<testsuite ignored="2" hostname="MSI" failures="0" tests="2" name="Grouping.xml" time="0.047" errors="0" timestamp="2023-10-04T12:08:11 PDT">
  <testcase classname="GroupingTestNg.Test1" name="test1" time="0.005"/>
  <testcase classname="GroupingTestNg.Test1" name="test4" time="0.002"/>
  <testcase classname="GroupingTestNg.Test1" name="test3" time="0.0">
    <ignored/>
  </testcase> <!-- test3 -->
  <testcase classname="GroupingTestNg.Test1" name="test2" time="0.0">
    <ignored/>
  </testcase> <!-- test2 -->
</testsuite> <!-- Grouping.xml -->
