<?xml version="1.0" encoding="UTF-8"?>
<!-- Generated by org.testng.reporters.JUnitXMLReporter -->
<testsuite ignored="4" hostname="MSI" failures="0" tests="0" time="0.001" errors="0" timestamp="2023-10-04T12:08:11 PDT">
  <testcase classname="GroupingTestNg.Test2" name="test5" time="0.0">
    <ignored/>
  </testcase> <!-- test5 -->
  <testcase classname="GroupingTestNg.Test2" name="test6" time="0.0">
    <ignored/>
  </testcase> <!-- test6 -->
  <testcase classname="GroupingTestNg.Test2" name="test7" time="0.0">
    <ignored/>
  </testcase> <!-- test7 -->
  <testcase classname="GroupingTestNg.Test2" name="test8" time="0.0">
    <ignored/>
  </testcase> <!-- test8 -->
</testsuite>
