<?xml version="1.0" encoding="UTF-8"?>
<!-- Generated by org.testng.reporters.JUnitXMLReporter -->
<testsuite ignored="2" hostname="MSI" failures="0" tests="2" name="ListenerTest1" time="0.061" errors="0" timestamp="2023-10-12T11:36:57 PDT">
  <testcase classname="ListenersTestng.ITestListener" name="test1" time="0.012"/>
  <testcase classname="ListenersTestng.ITestListener" name="test2" time="0.001"/>
  <testcase classname="ListenersTestng.ITestListener" name="test4" time="0.0">
    <ignored/>
  </testcase> <!-- test4 -->
  <testcase classname="ListenersTestng.ITestListener" name="test3" time="0.0">
    <ignored/>
  </testcase> <!-- test3 -->
</testsuite> <!-- ListenerTest1 -->
