<?xml version="1.0" encoding="UTF-8"?>
<!-- Generated by org.testng.reporters.JUnitXMLReporter -->
<testsuite ignored="0" hostname="MSI" failures="0" tests="8" name="Test1.xml" time="0.062" errors="0" timestamp="2023-10-04T12:21:01 PDT">
  <testcase classname="DependencyTestNg.Dependongroups" name="Test7" time="0.005"/>
  <testcase classname="DependencyTestNg.Dependongroups" name="Test8" time="0.001"/>
  <testcase classname="DependencyTestNg.Dependongroups" name="Test5" time="0.0"/>
  <testcase classname="DependencyTestNg.Dependongroups" name="Test3" time="0.001"/>
  <testcase classname="DependencyTestNg.Dependongroups" name="Test4" time="0.001"/>
  <testcase classname="DependencyTestNg.Dependongroups" name="Test6" time="0.001"/>
  <testcase classname="DependencyTestNg.Dependongroups" name="Test1" time="0.0"/>
  <testcase classname="DependencyTestNg.Dependongroups" name="Test2" time="0.001"/>
</testsuite> <!-- Test1.xml -->
