<?xml version="1.0" encoding="UTF-8"?>
<!-- Generated by org.testng.reporters.JUnitXMLReporter -->
<testsuite ignored="1" hostname="MSI" failures="1" tests="1" name="Test" time="2.602" errors="0" timestamp="2023-10-15T12:50:01 PDT">
  <testcase classname="ExtentReport.Baseclass" name="Google" time="0.003">
    <failure type="java.lang.NullPointerException" message="Cannot invoke &amp;quot;org.openqa.selenium.WebDriver.get(String)&amp;quot; because &amp;quot;ExtentReport.Baseclass.driver&amp;quot; is null">
      <![CDATA[java.lang.NullPointerException: Cannot invoke "org.openqa.selenium.WebDriver.get(String)" because "ExtentReport.Baseclass.driver" is null
at ExtentReport.Baseclass.Google(Baseclass.java:22)
at java.base/java.util.ArrayList.forEach(ArrayList.java:1511)
... Removed 27 stack frames]]>
    </failure>
  </testcase> <!-- Google -->
  <testcase classname="ExtentReport.Baseclass" name="Target" time="0.0">
    <ignored/>
  </testcase> <!-- Target -->
</testsuite> <!-- Test -->
