<?xml version="1.0" encoding="UTF-8"?>
<testng-results ignored="0" total="4" passed="4" failed="0" skipped="0">
  <reporter-output>
  </reporter-output>
  <suite started-at="2023-10-15T15:49:27 PDT" name="Default suite" finished-at="2023-10-15T15:49:36 PDT" duration-ms="8549">
    <groups>
    </groups>
    <test started-at="2023-10-15T15:49:27 PDT" name="Default test" finished-at="2023-10-15T15:49:36 PDT" duration-ms="8549">
      <class name="Invocationcount.Invocationcount">
        <test-method signature="Testmethod()[pri:0, instance:Invocationcount.Invocationcount@618425b5]" started-at="2023-10-15T15:49:27 PDT" name="Testmethod" finished-at="2023-10-15T15:49:32 PDT" duration-ms="4994" status="PASS">
          <reporter-output>
          </reporter-output>
        </test-method> <!-- Testmethod -->
        <test-method signature="Testmethod()[pri:0, instance:Invocationcount.Invocationcount@618425b5]" started-at="2023-10-15T15:49:27 PDT" name="Testmethod" finished-at="2023-10-15T15:49:32 PDT" duration-ms="4993" status="PASS">
          <reporter-output>
          </reporter-output>
        </test-method> <!-- Testmethod -->
        <test-method signature="Testmethod()[pri:0, instance:Invocationcount.Invocationcount@618425b5]" started-at="2023-10-15T15:49:32 PDT" name="Testmethod" finished-at="2023-10-15T15:49:36 PDT" duration-ms="3506" status="PASS">
          <reporter-output>
          </reporter-output>
        </test-method> <!-- Testmethod -->
        <test-method signature="Testmethod()[pri:0, instance:Invocationcount.Invocationcount@618425b5]" started-at="2023-10-15T15:49:32 PDT" name="Testmethod" finished-at="2023-10-15T15:49:36 PDT" duration-ms="3505" status="PASS">
          <reporter-output>
          </reporter-output>
        </test-method> <!-- Testmethod -->
      </class> <!-- Invocationcount.Invocationcount -->
    </test> <!-- Default test -->
  </suite> <!-- Default suite -->
</testng-results>
