<?xml version="1.0" encoding="UTF-8"?>
<!-- Generated by org.testng.reporters.JUnitXMLReporter -->
<testsuite ignored="0" hostname="MSI" failures="0" tests="4" name="Default test" time="8.549" errors="0" timestamp="2023-10-15T15:49:36 PDT">
  <testcase classname="Invocationcount.Invocationcount" name="Testmethod" time="4.993"/>
  <testcase classname="Invocationcount.Invocationcount" name="Testmethod" time="4.994"/>
  <testcase classname="Invocationcount.Invocationcount" name="Testmethod" time="3.506"/>
  <testcase classname="Invocationcount.Invocationcount" name="Testmethod" time="3.505"/>
</testsuite> <!-- Default test -->
